Build started 05-Aug-14 2:31:13 PM.
     1>Project "D:\DVR Segment Extractor and Configurator\HikVisionDVR_ProjectSource_v2\HikVisionDVRSegmentExtractionUtility_FullSource\HikVisionDVRSegmentExtractionUtility\HikVisionDVRSegmentExtractionUtility.vcxproj" on node 2 (build target(s)).
     1>InitializeBuildStatus:
         Creating "Debug\HikVisionDVRSegmentExtractionUtility.unsuccessfulbuild" because "AlwaysCreate" was specified.
       GenerateTargetFrameworkMonikerAttribute:
       Skipping target "GenerateTargetFrameworkMonikerAttribute" because all output files are up-to-date with respect to the input files.
       ClCompile:
         All outputs are up-to-date.
         All outputs are up-to-date.
       CoreResGen:
         No resources are out of date with respect to their source files. Skipping resource generation.
       ResourceCompile:
         All outputs are up-to-date.
       Link:
         C:\Program Files (x86)\Microsoft Visual Studio 10.0\VC\bin\link.exe /ERRORREPORT:PROMPT /OUT:"D:\DVR Segment Extractor and Configurator\HikVisionDVR_ProjectSource_v2\HikVisionDVRSegmentExtractionUtility_FullSource\HikVisionDVRSegmentExtractionUtility\Debug\HikVisionDVRSegmentExtractionUtility.exe" /INCREMENTAL /NOLOGO kernel32.lib user32.lib gdi32.lib winspool.lib comdlg32.lib advapi32.lib shell32.lib ole32.lib oleaut32.lib uuid.lib odbc32.lib odbccp32.lib /ASSEMBLYRESOURCE:Debug\HikVisionDVRSegmentExtractionUtility.FormMain.resources /MANIFEST /ManifestFile:"Debug\HikVisionDVRSegmentExtractionUtility.exe.intermediate.manifest" /MANIFESTUAC:"level='highestAvailable' uiAccess='false'" /DEBUG /PDB:"D:\DVR Segment Extractor and Configurator\HikVisionDVR_ProjectSource_v2\HikVisionDVRSegmentExtractionUtility_FullSource\HikVisionDVRSegmentExtractionUtility\Debug\HikVisionDVRSegmentExtractionUtility.pdb" /ASSEMBLYDEBUG /SUBSYSTEM:WINDOWS /TLBID:1 /ENTRY:"main" /DYNAMICBASE /FIXED:NO /NXCOMPAT /MACHINE:X86 Debug\app.res
         Debug\AssemblyInfo.obj
         Debug\Database.obj
         Debug\FileIO.obj
         Debug\HikVisionDVRSegmentExtractionUtility.obj
         Debug\Login.obj
         Debug\stdafx.obj
         "Debug\.NETFramework,Version=v4.0.AssemblyAttributes.obj"
         HikVisionDVRSegmentExtractionUtility.vcxproj -> D:\DVR Segment Extractor and Configurator\HikVisionDVR_ProjectSource_v2\HikVisionDVRSegmentExtractionUtility_FullSource\HikVisionDVRSegmentExtractionUtility\Debug\HikVisionDVRSegmentExtractionUtility.exe
       Manifest:
         C:\Program Files (x86)\Microsoft SDKs\Windows\v7.0A\bin\mt.exe /nologo /verbose /outputresource:"D:\DVR Segment Extractor and Configurator\HikVisionDVR_ProjectSource_v2\HikVisionDVRSegmentExtractionUtility_FullSource\HikVisionDVRSegmentExtractionUtility\Debug\HikVisionDVRSegmentExtractionUtility.exe;#1" /manifest Debug\HikVisionDVRSegmentExtractionUtility.exe.intermediate.manifest
       FinalizeBuildStatus:
         Deleting file "Debug\HikVisionDVRSegmentExtractionUtility.unsuccessfulbuild".
         Touching "Debug\HikVisionDVRSegmentExtractionUtility.lastbuildstate".
     1>Done Building Project "D:\DVR Segment Extractor and Configurator\HikVisionDVR_ProjectSource_v2\HikVisionDVRSegmentExtractionUtility_FullSource\HikVisionDVRSegmentExtractionUtility\HikVisionDVRSegmentExtractionUtility.vcxproj" (build target(s)).

Build succeeded.

Time Elapsed 00:00:00.99
